<?xml version="1.0" encoding="UTF-8"?>
<coverage generated="1677885424854" clover="3.2.0">
  <project timestamp="1677885424855" name="All files">
    <metrics statements="12" coveredstatements="5" conditionals="8" coveredconditionals="4" methods="3" coveredmethods="1" elements="23" coveredelements="10" complexity="0" loc="12" ncloc="12" packages="1" files="1" classes="1"/>
    <file name="Character.js" path="/home/meshi/Desktop/ajs-proto-1/src/Character.js">
      <metrics statements="12" coveredstatements="5" conditionals="8" coveredconditionals="4" methods="3" coveredmethods="1"/>
      <line num="3" count="4" type="cond" truecount="4" falsecount="0"/>
      <line num="4" count="2" type="stmt"/>
      <line num="6" count="2" type="stmt"/>
      <line num="8" count="2" type="stmt"/>
      <line num="9" count="2" type="stmt"/>
      <line num="13" count="0" type="cond" truecount="0" falsecount="2"/>
      <line num="14" count="0" type="stmt"/>
      <line num="15" count="0" type="stmt"/>
      <line num="16" count="0" type="stmt"/>
      <line num="17" count="0" type="stmt"/>
      <line num="22" count="0" type="cond" truecount="0" falsecount="2"/>
      <line num="23" count="0" type="stmt"/>
    </file>
  </project>
</coverage>
