<?xml version="1.0" encoding="UTF-8"?>
<coverage generated="1678365277078" clover="3.2.0">
  <project timestamp="1678365277079" name="All files">
    <metrics statements="38" coveredstatements="38" conditionals="8" coveredconditionals="8" methods="9" coveredmethods="9" elements="55" coveredelements="55" complexity="0" loc="38" ncloc="38" packages="1" files="7" classes="7"/>
    <file name="Bowerman.js" path="C:\Users\m.podosenov\Desktop\ajs-proto-1\src\Bowerman.js">
      <metrics statements="4" coveredstatements="4" conditionals="0" coveredconditionals="0" methods="1" coveredmethods="1"/>
      <line num="5" count="13" type="stmt"/>
      <line num="6" count="13" type="stmt"/>
      <line num="7" count="13" type="stmt"/>
      <line num="8" count="13" type="stmt"/>
    </file>
    <file name="Character.js" path="C:\Users\m.podosenov\Desktop\ajs-proto-1\src\Character.js">
      <metrics statements="14" coveredstatements="14" conditionals="8" coveredconditionals="8" methods="3" coveredmethods="3"/>
      <line num="3" count="86" type="cond" truecount="4" falsecount="0"/>
      <line num="4" count="84" type="stmt"/>
      <line num="6" count="2" type="stmt"/>
      <line num="8" count="84" type="stmt"/>
      <line num="9" count="84" type="stmt"/>
      <line num="13" count="14" type="cond" truecount="2" falsecount="0"/>
      <line num="14" count="13" type="stmt"/>
      <line num="15" count="13" type="stmt"/>
      <line num="16" count="13" type="stmt"/>
      <line num="17" count="13" type="stmt"/>
      <line num="19" count="1" type="stmt"/>
      <line num="24" count="14" type="cond" truecount="2" falsecount="0"/>
      <line num="25" count="13" type="stmt"/>
      <line num="27" count="1" type="stmt"/>
    </file>
    <file name="Daemon.js" path="C:\Users\m.podosenov\Desktop\ajs-proto-1\src\Daemon.js">
      <metrics statements="4" coveredstatements="4" conditionals="0" coveredconditionals="0" methods="1" coveredmethods="1"/>
      <line num="5" count="13" type="stmt"/>
      <line num="6" count="13" type="stmt"/>
      <line num="7" count="13" type="stmt"/>
      <line num="8" count="13" type="stmt"/>
    </file>
    <file name="Magician.js" path="C:\Users\m.podosenov\Desktop\ajs-proto-1\src\Magician.js">
      <metrics statements="4" coveredstatements="4" conditionals="0" coveredconditionals="0" methods="1" coveredmethods="1"/>
      <line num="5" count="13" type="stmt"/>
      <line num="6" count="13" type="stmt"/>
      <line num="7" count="13" type="stmt"/>
      <line num="8" count="13" type="stmt"/>
    </file>
    <file name="Swordsman.js" path="C:\Users\m.podosenov\Desktop\ajs-proto-1\src\Swordsman.js">
      <metrics statements="4" coveredstatements="4" conditionals="0" coveredconditionals="0" methods="1" coveredmethods="1"/>
      <line num="5" count="13" type="stmt"/>
      <line num="6" count="13" type="stmt"/>
      <line num="7" count="13" type="stmt"/>
      <line num="8" count="13" type="stmt"/>
    </file>
    <file name="Undead.js" path="C:\Users\m.podosenov\Desktop\ajs-proto-1\src\Undead.js">
      <metrics statements="4" coveredstatements="4" conditionals="0" coveredconditionals="0" methods="1" coveredmethods="1"/>
      <line num="5" count="13" type="stmt"/>
      <line num="6" count="13" type="stmt"/>
      <line num="7" count="13" type="stmt"/>
      <line num="8" count="13" type="stmt"/>
    </file>
    <file name="Zombie.js" path="C:\Users\m.podosenov\Desktop\ajs-proto-1\src\Zombie.js">
      <metrics statements="4" coveredstatements="4" conditionals="0" coveredconditionals="0" methods="1" coveredmethods="1"/>
      <line num="5" count="13" type="stmt"/>
      <line num="6" count="13" type="stmt"/>
      <line num="7" count="13" type="stmt"/>
      <line num="8" count="13" type="stmt"/>
    </file>
  </project>
</coverage>
