{"/home/meshi/Desktop/ajs-proto-1/src/Bowerman.js": {"path":"/home/meshi/Desktop/ajs-proto-1/src/Bowerman.js","statementMap":{"0":{"start":{"line":5,"column":4},"end":{"line":5,"column":16}},"1":{"start":{"line":6,"column":4},"end":{"line":6,"column":25}},"2":{"start":{"line":7,"column":4},"end":{"line":7,"column":21}},"3":{"start":{"line":8,"column":4},"end":{"line":8,"column":22}}},"fnMap":{"0":{"name":"(anonymous_0)","decl":{"start":{"line":4,"column":2},"end":{"line":4,"column":3}},"loc":{"start":{"line":4,"column":20},"end":{"line":9,"column":3}},"line":4}},"branchMap":{},"s":{"0":13,"1":13,"2":13,"3":13},"f":{"0":13},"b":{},"_coverageSchema":"1a1c01bbd47fc00a2c39e90264f33305004495a9","hash":"b8396668042c9d7e4a5de75f6e36d06f936165d6"}
,"/home/meshi/Desktop/ajs-proto-1/src/Character.js": {"path":"/home/meshi/Desktop/ajs-proto-1/src/Character.js","statementMap":{"0":{"start":{"line":3,"column":4},"end":{"line":7,"column":5}},"1":{"start":{"line":4,"column":6},"end":{"line":4,"column":23}},"2":{"start":{"line":6,"column":6},"end":{"line":6,"column":61}},"3":{"start":{"line":8,"column":4},"end":{"line":8,"column":22}},"4":{"start":{"line":9,"column":4},"end":{"line":9,"column":19}},"5":{"start":{"line":13,"column":4},"end":{"line":18,"column":5}},"6":{"start":{"line":14,"column":6},"end":{"line":14,"column":22}},"7":{"start":{"line":15,"column":6},"end":{"line":15,"column":25}},"8":{"start":{"line":16,"column":6},"end":{"line":16,"column":26}},"9":{"start":{"line":17,"column":6},"end":{"line":17,"column":24}},"10":{"start":{"line":22,"column":4},"end":{"line":24,"column":5}},"11":{"start":{"line":23,"column":6},"end":{"line":23,"column":55}}},"fnMap":{"0":{"name":"(anonymous_0)","decl":{"start":{"line":2,"column":2},"end":{"line":2,"column":3}},"loc":{"start":{"line":2,"column":20},"end":{"line":10,"column":3}},"line":2},"1":{"name":"(anonymous_1)","decl":{"start":{"line":12,"column":2},"end":{"line":12,"column":3}},"loc":{"start":{"line":12,"column":12},"end":{"line":19,"column":3}},"line":12},"2":{"name":"(anonymous_2)","decl":{"start":{"line":21,"column":2},"end":{"line":21,"column":3}},"loc":{"start":{"line":21,"column":17},"end":{"line":25,"column":3}},"line":21}},"branchMap":{"0":{"loc":{"start":{"line":3,"column":4},"end":{"line":7,"column":5}},"type":"if","locations":[{"start":{"line":3,"column":4},"end":{"line":7,"column":5}},{"start":{"line":5,"column":11},"end":{"line":7,"column":5}}],"line":3},"1":{"loc":{"start":{"line":3,"column":8},"end":{"line":3,"column":49}},"type":"binary-expr","locations":[{"start":{"line":3,"column":9},"end":{"line":3,"column":25}},{"start":{"line":3,"column":31},"end":{"line":3,"column":48}}],"line":3},"2":{"loc":{"start":{"line":13,"column":4},"end":{"line":18,"column":5}},"type":"if","locations":[{"start":{"line":13,"column":4},"end":{"line":18,"column":5}},{"start":{},"end":{}}],"line":13},"3":{"loc":{"start":{"line":22,"column":4},"end":{"line":24,"column":5}},"type":"if","locations":[{"start":{"line":22,"column":4},"end":{"line":24,"column":5}},{"start":{},"end":{}}],"line":22}},"s":{"0":82,"1":80,"2":2,"3":80,"4":80,"5":12,"6":12,"7":12,"8":12,"9":12,"10":12,"11":12},"f":{"0":82,"1":12,"2":12},"b":{"0":[80,2],"1":[82,81],"2":[12,0],"3":[12,0]},"_coverageSchema":"1a1c01bbd47fc00a2c39e90264f33305004495a9","hash":"7bd9b98bc1387b642c70d846d3ad240365378103"}
,"/home/meshi/Desktop/ajs-proto-1/src/Daemon.js": {"path":"/home/meshi/Desktop/ajs-proto-1/src/Daemon.js","statementMap":{"0":{"start":{"line":5,"column":4},"end":{"line":5,"column":16}},"1":{"start":{"line":6,"column":4},"end":{"line":6,"column":25}},"2":{"start":{"line":7,"column":4},"end":{"line":7,"column":21}},"3":{"start":{"line":8,"column":4},"end":{"line":8,"column":22}}},"fnMap":{"0":{"name":"(anonymous_0)","decl":{"start":{"line":4,"column":2},"end":{"line":4,"column":3}},"loc":{"start":{"line":4,"column":20},"end":{"line":9,"column":3}},"line":4}},"branchMap":{},"s":{"0":13,"1":13,"2":13,"3":13},"f":{"0":13},"b":{},"_coverageSchema":"1a1c01bbd47fc00a2c39e90264f33305004495a9","hash":"2aa4729094b99ed488f916ce93b78d580eb78c25"}
,"/home/meshi/Desktop/ajs-proto-1/src/Magician.js": {"path":"/home/meshi/Desktop/ajs-proto-1/src/Magician.js","statementMap":{"0":{"start":{"line":5,"column":4},"end":{"line":5,"column":16}},"1":{"start":{"line":6,"column":4},"end":{"line":6,"column":27}},"2":{"start":{"line":7,"column":4},"end":{"line":7,"column":21}},"3":{"start":{"line":8,"column":4},"end":{"line":8,"column":22}}},"fnMap":{"0":{"name":"(anonymous_0)","decl":{"start":{"line":4,"column":2},"end":{"line":4,"column":3}},"loc":{"start":{"line":4,"column":20},"end":{"line":9,"column":3}},"line":4}},"branchMap":{},"s":{"0":13,"1":13,"2":13,"3":13},"f":{"0":13},"b":{},"_coverageSchema":"1a1c01bbd47fc00a2c39e90264f33305004495a9","hash":"b833d0be906a3683fe3df94f2b4b254af625aa76"}
,"/home/meshi/Desktop/ajs-proto-1/src/Swordsman.js": {"path":"/home/meshi/Desktop/ajs-proto-1/src/Swordsman.js","statementMap":{"0":{"start":{"line":5,"column":4},"end":{"line":5,"column":16}},"1":{"start":{"line":6,"column":4},"end":{"line":6,"column":28}},"2":{"start":{"line":7,"column":4},"end":{"line":7,"column":21}},"3":{"start":{"line":8,"column":4},"end":{"line":8,"column":22}}},"fnMap":{"0":{"name":"(anonymous_0)","decl":{"start":{"line":4,"column":2},"end":{"line":4,"column":3}},"loc":{"start":{"line":4,"column":20},"end":{"line":9,"column":3}},"line":4}},"branchMap":{},"s":{"0":13,"1":13,"2":13,"3":13},"f":{"0":13},"b":{},"_coverageSchema":"1a1c01bbd47fc00a2c39e90264f33305004495a9","hash":"8e965871885e1369d68879ef17d0c47cf3555152"}
,"/home/meshi/Desktop/ajs-proto-1/src/Undead.js": {"path":"/home/meshi/Desktop/ajs-proto-1/src/Undead.js","statementMap":{"0":{"start":{"line":5,"column":4},"end":{"line":5,"column":16}},"1":{"start":{"line":6,"column":4},"end":{"line":6,"column":25}},"2":{"start":{"line":7,"column":4},"end":{"line":7,"column":21}},"3":{"start":{"line":8,"column":4},"end":{"line":8,"column":22}}},"fnMap":{"0":{"name":"(anonymous_0)","decl":{"start":{"line":4,"column":2},"end":{"line":4,"column":3}},"loc":{"start":{"line":4,"column":20},"end":{"line":9,"column":3}},"line":4}},"branchMap":{},"s":{"0":13,"1":13,"2":13,"3":13},"f":{"0":13},"b":{},"_coverageSchema":"1a1c01bbd47fc00a2c39e90264f33305004495a9","hash":"2dea0f00fc4b94097fb5bf52dd7355c931204ba7"}
,"/home/meshi/Desktop/ajs-proto-1/src/Zombie.js": {"path":"/home/meshi/Desktop/ajs-proto-1/src/Zombie.js","statementMap":{"0":{"start":{"line":5,"column":4},"end":{"line":5,"column":16}},"1":{"start":{"line":6,"column":4},"end":{"line":6,"column":25}},"2":{"start":{"line":7,"column":4},"end":{"line":7,"column":21}},"3":{"start":{"line":8,"column":4},"end":{"line":8,"column":22}}},"fnMap":{"0":{"name":"(anonymous_0)","decl":{"start":{"line":4,"column":2},"end":{"line":4,"column":3}},"loc":{"start":{"line":4,"column":20},"end":{"line":9,"column":3}},"line":4}},"branchMap":{},"s":{"0":13,"1":13,"2":13,"3":13},"f":{"0":13},"b":{},"_coverageSchema":"1a1c01bbd47fc00a2c39e90264f33305004495a9","hash":"127a272f1e4291be3939608fb5459d829fede971"}
}
