TN:
SF:src/Bowerman.js
FN:4,(anonymous_0)
FNF:1
FNH:1
FNDA:13,(anonymous_0)
DA:5,13
DA:6,13
DA:7,13
DA:8,13
LF:4
LH:4
BRF:0
BRH:0
end_of_record
TN:
SF:src/Character.js
FN:2,(anonymous_0)
FN:12,(anonymous_1)
FN:21,(anonymous_2)
FNF:3
FNH:3
FNDA:82,(anonymous_0)
FNDA:12,(anonymous_1)
FNDA:12,(anonymous_2)
DA:3,82
DA:4,80
DA:6,2
DA:8,80
DA:9,80
DA:13,12
DA:14,12
DA:15,12
DA:16,12
DA:17,12
DA:22,12
DA:23,12
LF:12
LH:12
BRDA:3,0,0,80
BRDA:3,0,1,2
BRDA:3,1,0,82
BRDA:3,1,1,81
BRDA:13,2,0,12
BRDA:13,2,1,0
BRDA:22,3,0,12
BRDA:22,3,1,0
BRF:8
BRH:6
end_of_record
TN:
SF:src/Daemon.js
FN:4,(anonymous_0)
FNF:1
FNH:1
FNDA:13,(anonymous_0)
DA:5,13
DA:6,13
DA:7,13
DA:8,13
LF:4
LH:4
BRF:0
BRH:0
end_of_record
TN:
SF:src/Magician.js
FN:4,(anonymous_0)
FNF:1
FNH:1
FNDA:13,(anonymous_0)
DA:5,13
DA:6,13
DA:7,13
DA:8,13
LF:4
LH:4
BRF:0
BRH:0
end_of_record
TN:
SF:src/Swordsman.js
FN:4,(anonymous_0)
FNF:1
FNH:1
FNDA:13,(anonymous_0)
DA:5,13
DA:6,13
DA:7,13
DA:8,13
LF:4
LH:4
BRF:0
BRH:0
end_of_record
TN:
SF:src/Undead.js
FN:4,(anonymous_0)
FNF:1
FNH:1
FNDA:13,(anonymous_0)
DA:5,13
DA:6,13
DA:7,13
DA:8,13
LF:4
LH:4
BRF:0
BRH:0
end_of_record
TN:
SF:src/Zombie.js
FN:4,(anonymous_0)
FNF:1
FNH:1
FNDA:13,(anonymous_0)
DA:5,13
DA:6,13
DA:7,13
DA:8,13
LF:4
LH:4
BRF:0
BRH:0
end_of_record
