TN:
SF:src\Bowerman.js
FN:4,(anonymous_0)
FNF:1
FNH:1
FNDA:13,(anonymous_0)
DA:5,13
DA:6,13
DA:7,13
DA:8,13
LF:4
LH:4
BRF:0
BRH:0
end_of_record
TN:
SF:src\Character.js
FN:2,(anonymous_0)
FN:12,(anonymous_1)
FN:23,(anonymous_2)
FNF:3
FNH:3
FNDA:86,(anonymous_0)
FNDA:14,(anonymous_1)
FNDA:14,(anonymous_2)
DA:3,86
DA:4,84
DA:6,2
DA:8,84
DA:9,84
DA:13,14
DA:14,13
DA:15,13
DA:16,13
DA:17,13
DA:19,1
DA:24,14
DA:25,13
DA:27,1
LF:14
LH:14
BRDA:3,0,0,84
BRDA:3,0,1,2
BRDA:3,1,0,86
BRDA:3,1,1,85
BRDA:13,2,0,13
BRDA:13,2,1,1
BRDA:24,3,0,13
BRDA:24,3,1,1
BRF:8
BRH:8
end_of_record
TN:
SF:src\Daemon.js
FN:4,(anonymous_0)
FNF:1
FNH:1
FNDA:13,(anonymous_0)
DA:5,13
DA:6,13
DA:7,13
DA:8,13
LF:4
LH:4
BRF:0
BRH:0
end_of_record
TN:
SF:src\Magician.js
FN:4,(anonymous_0)
FNF:1
FNH:1
FNDA:13,(anonymous_0)
DA:5,13
DA:6,13
DA:7,13
DA:8,13
LF:4
LH:4
BRF:0
BRH:0
end_of_record
TN:
SF:src\Swordsman.js
FN:4,(anonymous_0)
FNF:1
FNH:1
FNDA:13,(anonymous_0)
DA:5,13
DA:6,13
DA:7,13
DA:8,13
LF:4
LH:4
BRF:0
BRH:0
end_of_record
TN:
SF:src\Undead.js
FN:4,(anonymous_0)
FNF:1
FNH:1
FNDA:13,(anonymous_0)
DA:5,13
DA:6,13
DA:7,13
DA:8,13
LF:4
LH:4
BRF:0
BRH:0
end_of_record
TN:
SF:src\Zombie.js
FN:4,(anonymous_0)
FNF:1
FNH:1
FNDA:13,(anonymous_0)
DA:5,13
DA:6,13
DA:7,13
DA:8,13
LF:4
LH:4
BRF:0
BRH:0
end_of_record
